

Teste 1 do printX

A: Comecei: thread 1
A: thread 1, x = 10, encontrou padrao 
B: Comecei: thread 3
B: thread 3 x = 15, vai se bloquear...
A: Comecei: thread 2
A: thread 2, x = 20, encontrou padrao 
B: thread 3, sinal recebido e mutex realocado. x = 22
B: thread 3 x = 22, vai se bloquear...
A: thread 2, x = 30, encontrou padrao 
B: thread 3, sinal recebido e mutex realocado. x = 37
B: thread 3 x = 37, vai se bloquear...
A: thread 2, x = 40, encontrou padrao 
B: thread 3, sinal recebido e mutex realocado. x = 40
X=40
FIM.

Teste 2 do printX

A: Comecei: thread 1
A: thread 1, x = 10, encontrou padrao 
B: Comecei: thread 3
B: thread 3 x = 16, vai se bloquear...
A: thread 1, x = 20, encontrou padrao 
B: thread 3, sinal recebido e mutex realocado. x = 20
X=20
A: Comecei: thread 2
A: thread 2, x = 30, encontrou padrao 
A: thread 2, x = 40, encontrou padrao 
FIM.

Teste 3 do printX

B: Comecei: thread 3
X=0
A: Comecei: thread 1
A: Comecei: thread 2
A: thread 2, x = 10, encontrou padrao 
A: thread 2, x = 20, encontrou padrao 
A: thread 2, x = 30, encontrou padrao 
A: thread 1, x = 40, encontrou padrao 
FIM.

Teste 4 do printX

A: Comecei: thread 1
A: thread 1, x = 10, encontrou padrao 
B: Comecei: thread 3
A: thread 1, x = 20, encontrou padrao 
X=20
A: Comecei: thread 2
A: thread 2, x = 30, encontrou padrao 
A: thread 2, x = 40, encontrou padrao 
FIM.

Teste 5 do printX

B: Comecei: thread 3
X=0
A: Comecei: thread 1
A: Comecei: thread 2
A: thread 2, x = 10, encontrou padrao 
A: thread 1, x = 20, encontrou padrao 
A: thread 2, x = 30, encontrou padrao 
A: thread 2, x = 40, encontrou padrao 
FIM.

Teste 6 do printX

A: Comecei: thread 1
A: thread 1, x = 10, encontrou padrao 
B: Comecei: thread 3
B: thread 3 x = 18, vai se bloquear...
A: Comecei: thread 2
A: thread 1, x = 20, encontrou padrao 
B: thread 3, sinal recebido e mutex realocado. x = 21
B: thread 3 x = 21, vai se bloquear...
A: thread 2, x = 30, encontrou padrao 
B: thread 3, sinal recebido e mutex realocado. x = 35
B: thread 3 x = 35, vai se bloquear...
A: thread 2, x = 40, encontrou padrao 
B: thread 3, sinal recebido e mutex realocado. x = 40
X=40
FIM.

Teste 7 do printX

A: Comecei: thread 1
B: Comecei: thread 3
A: thread 1, x = 10, encontrou padrao 
B: thread 3 x = 12, vai se bloquear...
A: Comecei: thread 2
A: thread 1, x = 20, encontrou padrao 
B: thread 3, sinal recebido e mutex realocado. x = 20
X=20
A: thread 2, x = 30, encontrou padrao 
A: thread 2, x = 40, encontrou padrao 
FIM.

Teste 8 do printX

B: Comecei: thread 3
X=0
A: Comecei: thread 1
A: Comecei: thread 2
A: thread 1, x = 10, encontrou padrao 
A: thread 1, x = 20, encontrou padrao 
A: thread 2, x = 30, encontrou padrao 
A: thread 2, x = 40, encontrou padrao 
FIM.

Teste 9 do printX

A: Comecei: thread 1
A: thread 1, x = 10, encontrou padrao 
A: thread 1, x = 20, encontrou padrao 
B: Comecei: thread 3
X=20
A: Comecei: thread 2
A: thread 2, x = 30, encontrou padrao 
A: thread 2, x = 40, encontrou padrao 
FIM.

Teste 10 do printX

A: Comecei: thread 2
A: Comecei: thread 1
A: thread 2, x = 10, encontrou padrao 
A: thread 2, x = 20, encontrou padrao 
B: Comecei: thread 3
A: thread 1, x = 30, encontrou padrao 
B: thread 3 x = 36, vai se bloquear...
A: thread 1, x = 40, encontrou padrao 
B: thread 3, sinal recebido e mutex realocado. x = 40
X=40
FIM.

Teste 11 do printX

A: Comecei: thread 1
A: thread 1, x = 10, encontrou padrao 
A: Comecei: thread 2
B: Comecei: thread 3
A: thread 2, x = 20, encontrou padrao 
X=20
A: thread 1, x = 30, encontrou padrao 
A: thread 2, x = 40, encontrou padrao 
FIM.

Teste 12 do printX

B: Comecei: thread 3
X=0
A: Comecei: thread 1
A: Comecei: thread 2
A: thread 2, x = 10, encontrou padrao 
A: thread 2, x = 20, encontrou padrao 
A: thread 2, x = 30, encontrou padrao 
A: thread 1, x = 40, encontrou padrao 
FIM.

Teste 13 do printX

A: Comecei: thread 1
B: Comecei: thread 3
A: thread 1, x = 10, encontrou padrao 
B: thread 3 x = 15, vai se bloquear...
A: Comecei: thread 2
A: thread 2, x = 20, encontrou padrao 
B: thread 3, sinal recebido e mutex realocado. x = 25
B: thread 3 x = 25, vai se bloquear...
A: thread 2, x = 30, encontrou padrao 
B: thread 3, sinal recebido e mutex realocado. x = 35
B: thread 3 x = 35, vai se bloquear...
A: thread 1, x = 40, encontrou padrao 
B: thread 3, sinal recebido e mutex realocado. x = 40
X=40
FIM.

Teste 14 do printX

A: Comecei: thread 1
B: Comecei: thread 3
B: thread 3 x = 9, vai se bloquear...
A: thread 1, x = 10, encontrou padrao 
A: thread 1, x = 20, encontrou padrao 
B: thread 3, sinal recebido e mutex realocado. x = 20
X=20
A: Comecei: thread 2
A: thread 2, x = 30, encontrou padrao 
A: thread 2, x = 40, encontrou padrao 
FIM.

Teste 15 do printX

A: Comecei: thread 1
B: Comecei: thread 3
A: thread 1, x = 10, encontrou padrao 
B: thread 3 x = 12, vai se bloquear...
A: thread 1, x = 20, encontrou padrao 
A: Comecei: thread 2
B: thread 3, sinal recebido e mutex realocado. x = 20
X=20
A: thread 2, x = 30, encontrou padrao 
A: thread 2, x = 40, encontrou padrao 
FIM.

Teste 16 do printX

B: Comecei: thread 3
X=0
A: Comecei: thread 1
A: Comecei: thread 2
A: thread 2, x = 10, encontrou padrao 
A: thread 2, x = 20, encontrou padrao 
A: thread 2, x = 30, encontrou padrao 
A: thread 1, x = 40, encontrou padrao 
FIM.

Teste 17 do printX

A: Comecei: thread 1
A: Comecei: thread 2
A: thread 1, x = 10, encontrou padrao 
B: Comecei: thread 3
B: thread 3 x = 11, vai se bloquear...
A: thread 1, x = 20, encontrou padrao 
B: thread 3, sinal recebido e mutex realocado. x = 24
B: thread 3 x = 24, vai se bloquear...
A: thread 1, x = 30, encontrou padrao 
B: thread 3, sinal recebido e mutex realocado. x = 30
X=30
A: thread 2, x = 40, encontrou padrao 
FIM.

Teste 18 do printX

A: Comecei: thread 1
A: Comecei: thread 2
A: thread 1, x = 10, encontrou padrao 
B: Comecei: thread 3
B: thread 3 x = 19, vai se bloquear...
A: thread 2, x = 20, encontrou padrao 
B: thread 3, sinal recebido e mutex realocado. x = 20
X=20
A: thread 1, x = 30, encontrou padrao 
A: thread 1, x = 40, encontrou padrao 
FIM.

Teste 19 do printX

A: Comecei: thread 1
B: Comecei: thread 3
A: thread 1, x = 10, encontrou padrao 
B: thread 3 x = 19, vai se bloquear...
A: Comecei: thread 2
A: thread 1, x = 20, encontrou padrao 
B: thread 3, sinal recebido e mutex realocado. x = 20
X=20
A: thread 2, x = 30, encontrou padrao 
A: thread 2, x = 40, encontrou padrao 
FIM.

Teste 20 do printX

A: Comecei: thread 1
B: Comecei: thread 3
A: thread 1, x = 10, encontrou padrao 
A: Comecei: thread 2
X=10
A: thread 2, x = 20, encontrou padrao 
A: thread 2, x = 30, encontrou padrao 
A: thread 2, x = 40, encontrou padrao 
FIM.

Teste 21 do printX

B: Comecei: thread 3
X=0
A: Comecei: thread 1
A: Comecei: thread 2
A: thread 2, x = 10, encontrou padrao 
A: thread 1, x = 20, encontrou padrao 
A: thread 2, x = 30, encontrou padrao 
A: thread 2, x = 40, encontrou padrao 
FIM.

Teste 22 do printX

B: Comecei: thread 3
X=0
A: Comecei: thread 1
A: Comecei: thread 2
A: thread 1, x = 10, encontrou padrao 
A: thread 1, x = 20, encontrou padrao 
A: thread 2, x = 30, encontrou padrao 
A: thread 2, x = 40, encontrou padrao 
FIM.

Teste 23 do printX

A: Comecei: thread 1
B: Comecei: thread 3
A: Comecei: thread 2
A: thread 1, x = 10, encontrou padrao 
B: thread 3 x = 17, vai se bloquear...
A: thread 2, x = 20, encontrou padrao 
B: thread 3, sinal recebido e mutex realocado. x = 23
B: thread 3 x = 23, vai se bloquear...
A: thread 2, x = 30, encontrou padrao 
B: thread 3, sinal recebido e mutex realocado. x = 35
B: thread 3 x = 35, vai se bloquear...
A: thread 2, x = 40, encontrou padrao 
B: thread 3, sinal recebido e mutex realocado. x = 40
X=40
FIM.

Teste 24 do printX

A: Comecei: thread 1
B: Comecei: thread 3
A: Comecei: thread 2
B: thread 3 x = 9, vai se bloquear...
A: thread 1, x = 10, encontrou padrao 
B: thread 3, sinal recebido e mutex realocado. x = 11
B: thread 3 x = 11, vai se bloquear...
A: thread 1, x = 20, encontrou padrao 
B: thread 3, sinal recebido e mutex realocado. x = 21
B: thread 3 x = 21, vai se bloquear...
A: thread 2, x = 30, encontrou padrao 
B: thread 3, sinal recebido e mutex realocado. x = 34
B: thread 3 x = 34, vai se bloquear...
A: thread 1, x = 40, encontrou padrao 
B: thread 3, sinal recebido e mutex realocado. x = 40
X=40
FIM.

Teste 25 do printX

B: Comecei: thread 3
X=0
A: Comecei: thread 1
A: thread 1, x = 10, encontrou padrao 
A: Comecei: thread 2
A: thread 1, x = 20, encontrou padrao 
A: thread 2, x = 30, encontrou padrao 
A: thread 2, x = 40, encontrou padrao 
FIM.

Teste 26 do printX

A: Comecei: thread 1
B: Comecei: thread 3
A: Comecei: thread 2
A: thread 1, x = 10, encontrou padrao 
B: thread 3 x = 17, vai se bloquear...
A: thread 2, x = 20, encontrou padrao 
B: thread 3, sinal recebido e mutex realocado. x = 22
B: thread 3 x = 22, vai se bloquear...
A: thread 2, x = 30, encontrou padrao 
B: thread 3, sinal recebido e mutex realocado. x = 31
B: thread 3 x = 31, vai se bloquear...
A: thread 2, x = 40, encontrou padrao 
B: thread 3, sinal recebido e mutex realocado. x = 40
X=40
FIM.

Teste 27 do printX

A: Comecei: thread 1
B: Comecei: thread 3
A: thread 1, x = 10, encontrou padrao 
A: Comecei: thread 2
A: thread 2, x = 20, encontrou padrao 
X=20
A: thread 2, x = 30, encontrou padrao 
A: thread 2, x = 40, encontrou padrao 
FIM.

Teste 28 do printX

A: Comecei: thread 1
A: Comecei: thread 2
A: thread 1, x = 10, encontrou padrao 
B: Comecei: thread 3
B: thread 3 x = 17, vai se bloquear...
A: thread 1, x = 20, encontrou padrao 
B: thread 3, sinal recebido e mutex realocado. x = 27
B: thread 3 x = 27, vai se bloquear...
A: thread 2, x = 30, encontrou padrao 
B: thread 3, sinal recebido e mutex realocado. x = 37
B: thread 3 x = 37, vai se bloquear...
A: thread 2, x = 40, encontrou padrao 
B: thread 3, sinal recebido e mutex realocado. x = 40
X=40
FIM.

Teste 29 do printX

A: Comecei: thread 2
A: thread 2, x = 10, encontrou padrao 
A: Comecei: thread 1
A: thread 1, x = 20, encontrou padrao 
B: Comecei: thread 3
B: thread 3 x = 25, vai se bloquear...
A: thread 1, x = 30, encontrou padrao 
A: thread 1, x = 40, encontrou padrao 
B: thread 3, sinal recebido e mutex realocado. x = 40
X=40
FIM.

Teste 30 do printX

A: Comecei: thread 1
A: Comecei: thread 2
A: thread 1, x = 10, encontrou padrao 
B: Comecei: thread 3
B: thread 3 x = 11, vai se bloquear...
A: thread 1, x = 20, encontrou padrao 
B: thread 3, sinal recebido e mutex realocado. x = 22
B: thread 3 x = 22, vai se bloquear...
A: thread 1, x = 30, encontrou padrao 
B: thread 3, sinal recebido e mutex realocado. x = 30
X=30
A: thread 2, x = 40, encontrou padrao 
FIM.
